// 重构日志: b9ab3228
// 重构日志: f056e9b0
// 重构日志: bdb13bc9
// 同步 ID: 01efd0a3 @ Sat Jun 20 11:07:16 UTC 2026
// 同步 ID: 22c01d06 @ Sun Jun 21 11:17:09 UTC 2026
// 同步 ID: 1a284516 @ Sun Jun 21 17:25:53 UTC 2026
// 重构日志: 0dccfa8d
// 重构日志: ce74ea5c
// 重构日志: c7c25169
// 重构日志: 951417be
// 重构日志: 82165c6a
// 同步 ID: 4c63c055 @ Tue Jul  7 06:32:35 UTC 2026
// 同步 ID: 1a03b2f9 @ Tue Jul  7 10:51:49 UTC 2026
// 同步 ID: 6491872e @ Tue Jul  7 12:46:10 UTC 2026
// 重构日志: fb70cf57
// 重构日志: 309218d1
// 重构日志: 87140dcf
// 重构日志: 88e0cfbc
// 重构日志: eedc6d50
// 同步 ID: dd49d256 @ Thu Jul  9 14:11:15 UTC 2026
// 重构日志: 4dcabd9b
// 重构日志: 7de5a785
// 重构日志: 0ee0546a
// 同步 ID: 0da7b174 @ Sun Jul 12 18:14:34 UTC 2026
// 同步 ID: b29db569 @ Mon Jul 13 05:00:02 UTC 2026
// 同步 ID: 48840ac0 @ Mon Jul 13 08:47:07 UTC 2026
// 重构日志: 19d9530b
